Using pre-set license
Built from '2020.3/staging' branch; Version is '2020.3.22f1 (e1a7f79fd887) revision 14788599'; Using compiler version '192528614'; Build Type 'Release'
OS: 'Windows 10 Pro; OS build 19043.1586; Version 2009; 64bit' Language: 'en' Physical Memory: 7074 MB
BatchMode: 1, IsHumanControllingUs: 0, StartBugReporterOnCrash: 0, Is64bit: 1, IsPro: 0

COMMAND LINE ARGUMENTS:
C:\Program Files\Unity\Hub\Editor\2020.3.22f1\Editor\Unity.exe
-adb2
-batchMode
-noUpm
-name
AssetImportWorker16
-projectPath
G:/unity-learn/test3-Pianist-Ball/Pianist-Ball/PianistBall
-logFile
Logs/AssetImportWorker16.log
-srvPort
10755
Successfully changed project path to: G:/unity-learn/test3-Pianist-Ball/Pianist-Ball/PianistBall
G:/unity-learn/test3-Pianist-Ball/Pianist-Ball/PianistBall
Using Asset Import Pipeline V2.
Refreshing native plugins compatible for Editor in 160.86 ms, found 2 plugins.
Preloading 0 native plugins for Editor in 0.00 ms.
Initialize engine version: 2020.3.22f1 (e1a7f79fd887)
[Subsystems] Discovering subsystems at path C:/Program Files/Unity/Hub/Editor/2020.3.22f1/Editor/Data/Resources/UnitySubsystems
[Subsystems] Discovering subsystems at path G:/unity-learn/test3-Pianist-Ball/Pianist-Ball/PianistBall/Assets
GfxDevice: creating device client; threaded=0
Direct3D:
    Version:  Direct3D 11.0 [level 11.1]
    Renderer: AMD Radeon(TM) R4 Graphics (ID=0x9851)
    Vendor:   
    VRAM:     1006 MB
    Driver:   21.19.512.0
Initialize mono
Mono path[0] = 'C:/Program Files/Unity/Hub/Editor/2020.3.22f1/Editor/Data/Managed'
Mono path[1] = 'C:/Program Files/Unity/Hub/Editor/2020.3.22f1/Editor/Data/MonoBleedingEdge/lib/mono/unityjit'
Mono config path = 'C:/Program Files/Unity/Hub/Editor/2020.3.22f1/Editor/Data/MonoBleedingEdge/etc'
Using monoOptions --debugger-agent=transport=dt_socket,embedding=1,server=y,suspend=n,address=127.0.0.1:56416
Begin MonoManager ReloadAssembly
Registering precompiled unity dll's ...
Register platform support module: C:/Program Files/Unity/Hub/Editor/2020.3.22f1/Editor/Data/PlaybackEngines/WebGLSupport/UnityEditor.WebGL.Extensions.dll
Register platform support module: C:/Program Files/Unity/Hub/Editor/2020.3.22f1/Editor/Data/PlaybackEngines/WindowsStandaloneSupport/UnityEditor.WindowsStandalone.Extensions.dll
Registered in 0.009425 seconds.
Native extension for WindowsStandalone target not found
Native extension for WebGL target not found
Refreshing native plugins compatible for Editor in 130.45 ms, found 2 plugins.
Preloading 0 native plugins for Editor in 0.00 ms.
Mono: successfully reloaded assembly
- Completed reload, in  5.798 seconds
Domain Reload Profiling:
	ReloadAssembly (5799ms)
		BeginReloadAssembly (287ms)
			ExecutionOrderSort (0ms)
			DisableScriptedObjects (0ms)
			BackupInstance (0ms)
			ReleaseScriptingObjects (0ms)
			CreateAndSetChildDomain (3ms)
		EndReloadAssembly (1976ms)
			LoadAssemblies (272ms)
			RebuildTransferFunctionScriptingTraits (0ms)
			SetupTypeCache (697ms)
			ReleaseScriptCaches (0ms)
			RebuildScriptCaches (151ms)
			SetupLoadedEditorAssemblies (684ms)
				LogAssemblyErrors (0ms)
				InitializePlatformSupportModulesInManaged (18ms)
				SetLoadedEditorAssemblies (1ms)
				RefreshPlugins (131ms)
				BeforeProcessingInitializeOnLoad (67ms)
				ProcessInitializeOnLoadAttributes (354ms)
				ProcessInitializeOnLoadMethodAttributes (114ms)
				AfterProcessingInitializeOnLoad (0ms)
				EditorAssembliesLoaded (1ms)
			ExecutionOrderSort2 (0ms)
			AwakeInstancesAfterBackupRestoration (0ms)
Platform modules already initialized, skipping
Registering precompiled user dll's ...
Registered in 0.013593 seconds.
Begin MonoManager ReloadAssembly
Native extension for WindowsStandalone target not found
Native extension for WebGL target not found
Refreshing native plugins compatible for Editor in 1.09 ms, found 2 plugins.
Preloading 0 native plugins for Editor in 0.00 ms.
Mono: successfully reloaded assembly
- Completed reload, in  4.402 seconds
Domain Reload Profiling:
	ReloadAssembly (4404ms)
		BeginReloadAssembly (606ms)
			ExecutionOrderSort (0ms)
			DisableScriptedObjects (18ms)
			BackupInstance (0ms)
			ReleaseScriptingObjects (0ms)
			CreateAndSetChildDomain (70ms)
		EndReloadAssembly (3519ms)
			LoadAssemblies (328ms)
			RebuildTransferFunctionScriptingTraits (0ms)
			SetupTypeCache (1291ms)
			ReleaseScriptCaches (4ms)
			RebuildScriptCaches (180ms)
			SetupLoadedEditorAssemblies (1305ms)
				LogAssemblyErrors (0ms)
				InitializePlatformSupportModulesInManaged (23ms)
				SetLoadedEditorAssemblies (2ms)
				RefreshPlugins (1ms)
				BeforeProcessingInitializeOnLoad (305ms)
				ProcessInitializeOnLoadAttributes (911ms)
				ProcessInitializeOnLoadMethodAttributes (32ms)
				AfterProcessingInitializeOnLoad (31ms)
				EditorAssembliesLoaded (1ms)
			ExecutionOrderSort2 (0ms)
			AwakeInstancesAfterBackupRestoration (25ms)
Platform modules already initialized, skipping
========================================================================
Worker process is ready to serve import requests
Launched and connected shader compiler UnityShaderCompiler.exe after 0.27 seconds
Refreshing native plugins compatible for Editor in 1.55 ms, found 2 plugins.
Preloading 0 native plugins for Editor in 0.00 ms.
Unloading 1488 Unused Serialized files (Serialized files now loaded: 0)
System memory in use before: 73.2 MB.
System memory in use after: 73.3 MB.

Unloading 19 unused Assets to reduce memory usage. Loaded Objects now: 1933.
Total: 11.264200 ms (FindLiveObjects: 0.949700 ms CreateObjectMapping: 0.386700 ms MarkObjects: 9.693900 ms  DeleteObjects: 0.229600 ms)

AssetImportParameters requested are different than current active one (requested -> active):
  custom:framework-win-MediaFoundation: 216162199b28c13a410421893ffa2e32 -> 
  custom:video-decoder-ogg-theora: a1e56fd34408186e4bbccfd4996cb3dc -> 
  custom:container-muxer-webm: aa71ff27fc2769a1b78a27578f13a17b -> 
  custom:container-demuxer-webm: 4f35f7cbe854078d1ac9338744f61a02 -> 
  custom:container-demuxer-ogg: 62fdf1f143b41e24485cea50d1cbac27 -> 
  custom:video-encoder-webm-vp8: eb34c28f22e8b96e1ab97ce403110664 -> 
  custom:video-decoder-webm-vp8: 9c59270c3fd7afecdb556c50c9e8de78 -> 
  custom:audio-decoder-ogg-vorbis: bf7c407c2cedff20999df2af8eb42d56 -> 
  custom:audio-encoder-webm-vorbis: bf7c407c2cedff20999df2af8eb42d56 -> 
========================================================================
Received Import Request.
  path: Assets/materials/key-physic-material.physicMaterial
  artifactKey: Guid(9b164f981fe05964e92ed7d37082b49e) Importer(815301076,1909f56bfc062723c751e8b465ee728b)
Start importing Assets/materials/key-physic-material.physicMaterial using Guid(9b164f981fe05964e92ed7d37082b49e) Importer(815301076,1909f56bfc062723c751e8b465ee728b)  -> (artifact id: '6fe940aed5b5a9430bbb33c0583ae1f9') in 0.168386 seconds 
  Import took 0.290361 seconds .

========================================================================
Received Import Request.
  Time since last request: 0.000487 seconds.
  path: Assets/materials/ball.mat
  artifactKey: Guid(e3858299e63fbf543b0cc52d0473b3df) Importer(815301076,1909f56bfc062723c751e8b465ee728b)
Start importing Assets/materials/ball.mat using Guid(e3858299e63fbf543b0cc52d0473b3df) Importer(815301076,1909f56bfc062723c751e8b465ee728b)  -> (artifact id: '66d8efff1591fa47b40f8fc4623ad963') in 0.440179 seconds 
  Import took 0.456075 seconds .

========================================================================
Received Import Request.
  Time since last request: 0.000532 seconds.
  path: Assets/materials/stone-wall.mat
  artifactKey: Guid(ab6fe1e25c44133409745f57e1e4dfad) Importer(815301076,1909f56bfc062723c751e8b465ee728b)
Start importing Assets/materials/stone-wall.mat using Guid(ab6fe1e25c44133409745f57e1e4dfad) Importer(815301076,1909f56bfc062723c751e8b465ee728b)  -> (artifact id: '153fd64d3ee7042408f74478dfba0d1c') in 0.164865 seconds 
  Import took 0.222446 seconds .

========================================================================
Received Import Request.
  Time since last request: 0.004478 seconds.
  path: Assets/materials/floor.jpg
  artifactKey: Guid(867575cde660e5b4d8dba80397a1265d) Importer(815301076,1909f56bfc062723c751e8b465ee728b)
Start importing Assets/materials/floor.jpg using Guid(867575cde660e5b4d8dba80397a1265d) Importer(815301076,1909f56bfc062723c751e8b465ee728b)  -> (artifact id: 'e21d9111d6ee779ecb0c27c16a03de9f') in 0.641068 seconds 
  Import took 0.674314 seconds .

========================================================================
Received Import Request.
  Time since last request: 0.000485 seconds.
  path: Assets/materials/wood.jpg
  artifactKey: Guid(822b1ce4a6d6d304e8c16374c21cda92) Importer(815301076,1909f56bfc062723c751e8b465ee728b)
Start importing Assets/materials/wood.jpg using Guid(822b1ce4a6d6d304e8c16374c21cda92) Importer(815301076,1909f56bfc062723c751e8b465ee728b)  -> (artifact id: 'b1f4f79c72c915f912ddfaf37b035df7') in 0.051925 seconds 
  Import took 0.064019 seconds .

========================================================================
Received Import Request.
  Time since last request: 0.000148 seconds.
  path: Assets/materials/wall.jpg
  artifactKey: Guid(abc0c8c44385686449bfea8e224a2200) Importer(815301076,1909f56bfc062723c751e8b465ee728b)
Start importing Assets/materials/wall.jpg using Guid(abc0c8c44385686449bfea8e224a2200) Importer(815301076,1909f56bfc062723c751e8b465ee728b)  -> (artifact id: '4e5f9229921713ce2b003ed46bc6765e') in 0.309244 seconds 
  Import took 0.374503 seconds .

========================================================================
Received Import Request.
  Time since last request: 0.004784 seconds.
  path: Assets/materials/floor-material.mat
  artifactKey: Guid(d3c6386853315b442bc2bcb9f081f3b4) Importer(815301076,1909f56bfc062723c751e8b465ee728b)
Start importing Assets/materials/floor-material.mat using Guid(d3c6386853315b442bc2bcb9f081f3b4) Importer(815301076,1909f56bfc062723c751e8b465ee728b)  -> (artifact id: 'd6bf8860c99a133de12b9ea84a50ae6d') in 0.554368 seconds 
  Import took 0.583200 seconds .

========================================================================
Received Import Request.
  Time since last request: 0.000501 seconds.
  path: Assets/materials/black-color.mat
  artifactKey: Guid(b948ddf597260b14f8a6e0035f966279) Importer(815301076,1909f56bfc062723c751e8b465ee728b)
Start importing Assets/materials/black-color.mat using Guid(b948ddf597260b14f8a6e0035f966279) Importer(815301076,1909f56bfc062723c751e8b465ee728b)  -> (artifact id: 'b0f0ed528f827ceec26b402ea829b3d7') in 0.058547 seconds 
  Import took 0.071273 seconds .

========================================================================
Received Import Request.
  Time since last request: 0.000436 seconds.
  path: Assets/materials/wood-material.mat
  artifactKey: Guid(e632672f8980c2b47ac7866500a7086b) Importer(815301076,1909f56bfc062723c751e8b465ee728b)
Start importing Assets/materials/wood-material.mat using Guid(e632672f8980c2b47ac7866500a7086b) Importer(815301076,1909f56bfc062723c751e8b465ee728b)  -> (artifact id: '42d8caafe21c0565230da0ddb2aa20d6') in 0.634184 seconds 
  Import took 0.653295 seconds .

========================================================================
Received Import Request.
  Time since last request: 467.077281 seconds.
  path: Assets/Audio
  artifactKey: Guid(9c5edbbd7f9fd6543b39f009e2e02e24) Importer(815301076,1909f56bfc062723c751e8b465ee728b)
Start importing Assets/Audio using Guid(9c5edbbd7f9fd6543b39f009e2e02e24) Importer(815301076,1909f56bfc062723c751e8b465ee728b)  -> (artifact id: '4a34731c40d3121da94ed1a9c504dcbe') in 1.965291 seconds 
  Import took 1.986847 seconds .

========================================================================
Received Import Request.
  Time since last request: 40.494475 seconds.
  path: Assets/Audio/C4.mp3
  artifactKey: Guid(5b1bcef17574c3c47893aa9a94f42d19) Importer(815301076,1909f56bfc062723c751e8b465ee728b)
Start importing Assets/Audio/C4.mp3 using Guid(5b1bcef17574c3c47893aa9a94f42d19) Importer(815301076,1909f56bfc062723c751e8b465ee728b)  -> (artifact id: '5d555a5696dada8bd3fb7bfcf24327f5') in 26.392792 seconds 
  Import took 26.400304 seconds .

========================================================================
Received Import Request.
  Time since last request: 4.498274 seconds.
  path: Assets/Audio/F5.mp3
  artifactKey: Guid(eb6ca9821d72153439c88cf88ca06aac) Importer(815301076,1909f56bfc062723c751e8b465ee728b)
Start importing Assets/Audio/F5.mp3 using Guid(eb6ca9821d72153439c88cf88ca06aac) Importer(815301076,1909f56bfc062723c751e8b465ee728b)  -> (artifact id: '5d43669afe4831d97521e52fb79ead6a') in 7.366698 seconds 
  Import took 7.374124 seconds .

========================================================================
Received Import Request.
  Time since last request: 5.700863 seconds.
  path: Assets/Audio/F4.mp3
  artifactKey: Guid(01e0db2631e94874da29bd14434cb49c) Importer(815301076,1909f56bfc062723c751e8b465ee728b)
Start importing Assets/Audio/F4.mp3 using Guid(01e0db2631e94874da29bd14434cb49c) Importer(815301076,1909f56bfc062723c751e8b465ee728b)  -> (artifact id: '3d2bca704c7c7c62b8abfd196e1b70c3') in 0.159201 seconds 
  Import took 6.172536 seconds .

========================================================================
Received Import Request.
  Time since last request: 4.780102 seconds.
  path: Assets/Audio/G5.mp3
  artifactKey: Guid(beb8018c2a31026489e52d0f3fd38e4b) Importer(815301076,1909f56bfc062723c751e8b465ee728b)
Start importing Assets/Audio/G5.mp3 using Guid(beb8018c2a31026489e52d0f3fd38e4b) Importer(815301076,1909f56bfc062723c751e8b465ee728b)  -> (artifact id: 'dbe2abe742b80f5effdf5325c16709e7') in 0.375835 seconds 
  Import took 7.093675 seconds .

========================================================================
Received Import Request.
  Time since last request: 0.000570 seconds.
  path: Assets/Audio/C5.mp3
  artifactKey: Guid(a4744465b6245734786b534ccec82edd) Importer(815301076,1909f56bfc062723c751e8b465ee728b)
Start importing Assets/Audio/C5.mp3 using Guid(a4744465b6245734786b534ccec82edd) Importer(815301076,1909f56bfc062723c751e8b465ee728b)  -> (artifact id: 'ae992682fe9c5f44a046bf0ebdb61393') in 4.781806 seconds 
  Import took 6.920473 seconds .

========================================================================
Received Import Request.
  Time since last request: 0.001985 seconds.
  path: Assets/Audio/E4.mp3
  artifactKey: Guid(cc5da45dd9e72d249909485ed3f2e1ad) Importer(815301076,1909f56bfc062723c751e8b465ee728b)
Start importing Assets/Audio/E4.mp3 using Guid(cc5da45dd9e72d249909485ed3f2e1ad) Importer(815301076,1909f56bfc062723c751e8b465ee728b)  -> (artifact id: '52119b8eba327098d699454ba3136205') in 0.238635 seconds 
  Import took 0.254896 seconds .

========================================================================
Received Import Request.
  Time since last request: 0.000228 seconds.
  path: Assets/Audio/E5.mp3
  artifactKey: Guid(cee9cdf01324e3e4d91698e3e098b1e3) Importer(815301076,1909f56bfc062723c751e8b465ee728b)
Start importing Assets/Audio/E5.mp3 using Guid(cee9cdf01324e3e4d91698e3e098b1e3) Importer(815301076,1909f56bfc062723c751e8b465ee728b)  -> (artifact id: 'cfb76ba21f8e848ba341ca096a01664d') in 7.099574 seconds 
  Import took 13.005753 seconds .

========================================================================
Received Import Request.
  Time since last request: 0.000525 seconds.
  path: Assets/Audio/D5.mp3
  artifactKey: Guid(4068c55f933e68b4f9d1b8bb33ebdf6f) Importer(815301076,1909f56bfc062723c751e8b465ee728b)
Start importing Assets/Audio/D5.mp3 using Guid(4068c55f933e68b4f9d1b8bb33ebdf6f) Importer(815301076,1909f56bfc062723c751e8b465ee728b)  -> (artifact id: '113b5a755df0163d919ec69b48ea009b') in 0.201320 seconds 
  Import took 0.242597 seconds .

========================================================================
Received Import Request.
  Time since last request: 0.000473 seconds.
  path: Assets/Audio/D4.mp3
  artifactKey: Guid(5df960961f7397849a0b6605fcca2f92) Importer(815301076,1909f56bfc062723c751e8b465ee728b)
Start importing Assets/Audio/D4.mp3 using Guid(5df960961f7397849a0b6605fcca2f92) Importer(815301076,1909f56bfc062723c751e8b465ee728b)  -> (artifact id: 'a64f68c177ccea4c99bac18d1c84503e') in 6.406884 seconds 
  Import took 12.192899 seconds .

========================================================================
Received Import Request.
  Time since last request: 0.026791 seconds.
  path: Assets/Audio/G4.mp3
  artifactKey: Guid(b06f957cd5c0f0244a59f903381ee8d5) Importer(815301076,1909f56bfc062723c751e8b465ee728b)
Start importing Assets/Audio/G4.mp3 using Guid(b06f957cd5c0f0244a59f903381ee8d5) Importer(815301076,1909f56bfc062723c751e8b465ee728b)  -> (artifact id: '93fe850e6576d5eead18847e65bad437') in 6.453147 seconds 
  Import took 6.539945 seconds .

========================================================================
Received Import Request.
  Time since last request: 155.925263 seconds.
  path: Assets/Audio/Group4
  artifactKey: Guid(cce4d9d0160d5ec4baaf8004b9a4a4ae) Importer(815301076,1909f56bfc062723c751e8b465ee728b)
Start importing Assets/Audio/Group4 using Guid(cce4d9d0160d5ec4baaf8004b9a4a4ae) Importer(815301076,1909f56bfc062723c751e8b465ee728b)  -> (artifact id: '0b76b74e9a1de1e65dcbb8600d594e95') in 0.019930 seconds 
  Import took 0.130608 seconds .

========================================================================
Received Import Request.
  Time since last request: 76.418464 seconds.
  path: Assets/Audio/Group5
  artifactKey: Guid(6b0eb7c0058c55e4f93264d1041619d7) Importer(815301076,1909f56bfc062723c751e8b465ee728b)
Start importing Assets/Audio/Group5 using Guid(6b0eb7c0058c55e4f93264d1041619d7) Importer(815301076,1909f56bfc062723c751e8b465ee728b)  -> (artifact id: '2ae95b737be24786f83b65f75c131b00') in 0.020282 seconds 
  Import took 4.210633 seconds .

AssetImportWorkerClient::OnTransportError - code=2 error=End of file
