Using pre-set license
Built from '2020.3/staging' branch; Version is '2020.3.22f1 (e1a7f79fd887) revision 14788599'; Using compiler version '192528614'; Build Type 'Release'
OS: 'Windows 10 Pro; OS build 19043.1586; Version 2009; 64bit' Language: 'en' Physical Memory: 7074 MB
BatchMode: 1, IsHumanControllingUs: 0, StartBugReporterOnCrash: 0, Is64bit: 1, IsPro: 0

COMMAND LINE ARGUMENTS:
C:\Program Files\Unity\Hub\Editor\2020.3.22f1\Editor\Unity.exe
-adb2
-batchMode
-noUpm
-name
AssetImportWorker11
-projectPath
G:/unity-learn/test3-Pianist-Ball/Pianist-Ball/PianistBall
-logFile
Logs/AssetImportWorker11.log
-srvPort
10755
Successfully changed project path to: G:/unity-learn/test3-Pianist-Ball/Pianist-Ball/PianistBall
G:/unity-learn/test3-Pianist-Ball/Pianist-Ball/PianistBall
Using Asset Import Pipeline V2.
